<?xml version="1.0" encoding="UTF-8"?>
<testsuite xmlns:xsi="http://www.w3.org/2001/XMLSchema-instance" xsi:noNamespaceSchemaLocation="https://maven.apache.org/surefire/maven-surefire-plugin/xsd/surefire-test-report.xsd" name="com.bonita.AppTest" time="0.027" tests="1" errors="0" skipped="0" failures="0">
  <properties>
    <property name="sun.desktop" value="windows"/>
    <property name="awt.toolkit" value="sun.awt.windows.WToolkit"/>
    <property name="file.encoding.pkg" value="sun.io"/>
    <property name="java.specification.version" value="1.8"/>
    <property name="sun.cpu.isalist" value="amd64"/>
    <property name="sun.jnu.encoding" value="Cp1252"/>
    <property name="java.class.path" value="c:\code\bonita-artifact-counter\artifact-counter\target\test-classes;c:\code\bonita-artifact-counter\artifact-counter\target\classes;C:\Users\jonathan.baudot\.m2\repository\junit\junit\4.11\junit-4.11.jar;C:\Users\jonathan.baudot\.m2\repository\org\hamcrest\hamcrest-core\1.3\hamcrest-core-1.3.jar;C:\Users\jonathan.baudot\.m2\repository\commons-io\commons-io\2.8.0\commons-io-2.8.0.jar;"/>
    <property name="java.vm.vendor" value=""/>
    <property name="sun.arch.data.model" value="64"/>
    <property name="user.variant" value=""/>
    <property name="java.vendor.url" value="http://java.oracle.com/"/>
    <property name="user.timezone" value="Europe/Berlin"/>
    <property name="java.vm.specification.version" value="1.8"/>
    <property name="os.name" value="Windows 10"/>
    <property name="user.country" value="FR"/>
    <property name="sun.java.launcher" value="SUN_STANDARD"/>
    <property name="sun.boot.library.path" value="C:\Program Files\Java\openjdk-1.8.0.242-3\jre\bin"/>
    <property name="sun.java.command" value="C:\Users\JONATH~1.BAU\AppData\Local\Temp\surefire1157476360167426108\surefirebooter8488231950847637952.jar C:\Users\jonathan.baudot\AppData\Local\Temp\surefire1157476360167426108 2021-08-31T13-18-30_892-jvmRun1 surefire4207249168499166855tmp surefire_05967718247601766167tmp"/>
    <property name="surefire.test.class.path" value="c:\code\bonita-artifact-counter\artifact-counter\target\test-classes;c:\code\bonita-artifact-counter\artifact-counter\target\classes;C:\Users\jonathan.baudot\.m2\repository\junit\junit\4.11\junit-4.11.jar;C:\Users\jonathan.baudot\.m2\repository\org\hamcrest\hamcrest-core\1.3\hamcrest-core-1.3.jar;C:\Users\jonathan.baudot\.m2\repository\commons-io\commons-io\2.8.0\commons-io-2.8.0.jar;"/>
    <property name="sun.cpu.endian" value="little"/>
    <property name="user.home" value="C:\Users\jonathan.baudot"/>
    <property name="user.language" value="fr"/>
    <property name="java.specification.vendor" value="Oracle Corporation"/>
    <property name="java.home" value="C:\Program Files\Java\openjdk-1.8.0.242-3\jre"/>
    <property name="basedir" value="c:\code\bonita-artifact-counter\artifact-counter"/>
    <property name="file.separator" value="\"/>
    <property name="line.separator" value="&#10;"/>
    <property name="java.vm.specification.vendor" value="Oracle Corporation"/>
    <property name="java.specification.name" value="Java Platform API Specification"/>
    <property name="java.awt.graphicsenv" value="sun.awt.Win32GraphicsEnvironment"/>
    <property name="surefire.real.class.path" value="C:\Users\JONATH~1.BAU\AppData\Local\Temp\surefire1157476360167426108\surefirebooter8488231950847637952.jar"/>
    <property name="sun.boot.class.path" value="C:\Program Files\Java\openjdk-1.8.0.242-3\jre\lib\resources.jar;C:\Program Files\Java\openjdk-1.8.0.242-3\jre\lib\rt.jar;C:\Program Files\Java\openjdk-1.8.0.242-3\jre\lib\sunrsasign.jar;C:\Program Files\Java\openjdk-1.8.0.242-3\jre\lib\jsse.jar;C:\Program Files\Java\openjdk-1.8.0.242-3\jre\lib\jce.jar;C:\Program Files\Java\openjdk-1.8.0.242-3\jre\lib\charsets.jar;C:\Program Files\Java\openjdk-1.8.0.242-3\jre\lib\jfr.jar;C:\Program Files\Java\openjdk-1.8.0.242-3\jre\classes"/>
    <property name="user.script" value=""/>
    <property name="sun.management.compiler" value="HotSpot 64-Bit Tiered Compilers"/>
    <property name="java.runtime.version" value="1.8.0_242-b08"/>
    <property name="user.name" value="jonathan.baudot"/>
    <property name="path.separator" value=";"/>
    <property name="os.version" value="10.0"/>
    <property name="java.endorsed.dirs" value="C:\Program Files\Java\openjdk-1.8.0.242-3\jre\lib\endorsed"/>
    <property name="java.runtime.name" value="OpenJDK Runtime Environment"/>
    <property name="file.encoding" value="Cp1252"/>
    <property name="java.vm.name" value="OpenJDK 64-Bit Server VM"/>
    <property name="localRepository" value="C:\Users\jonathan.baudot\.m2\repository"/>
    <property name="java.vendor.url.bug" value="http://bugreport.sun.com/bugreport/"/>
    <property name="java.io.tmpdir" value="C:\Users\JONATH~1.BAU\AppData\Local\Temp\"/>
    <property name="java.version" value="1.8.0_242"/>
    <property name="user.dir" value="c:\code\bonita-artifact-counter\artifact-counter"/>
    <property name="os.arch" value="amd64"/>
    <property name="java.vm.specification.name" value="Java Virtual Machine Specification"/>
    <property name="java.awt.printerjob" value="sun.awt.windows.WPrinterJob"/>
    <property name="sun.os.patch.level" value=""/>
    <property name="java.library.path" value="C:\Program Files\Java\openjdk-1.8.0.242-3\jre\bin;C:\WINDOWS\Sun\Java\bin;C:\WINDOWS\system32;C:\WINDOWS;C:\Program Files\Common Files\Oracle\Javaa\javapath;C:\Python39\Scripts\;C:\Python39\;C:\Python37\Scripts\;C:\Python37\;C:\Python27\;C:\Python27\Scripts;C:\WINDOWS\system32;C:\WINDOWS;C:\WINDOWS\System32\Wbem;C:\WINDOWS\System32\WindowsPowerShell\v1.0\;C:\WINDOWS\System32\OpenSSH\;C:\Program Files (x86)\GitExtensions\;C:\Program Files\Java\openjdk-1.8.0.242-3\bin;C:\ProgramData\chocolatey\bin;C:\Program Files\Java\apache-maven-3.6.3\bin;C:\Program Files\Git\cmd;C:\Program Files\Java\openjdk-1.8.0.242-3\jre\bin;C:\Users\jonathan.baudot\AppData\Roaming\nvm;C:\Program Files\nodejs;C:\Program Files (x86)\Yarn\bin\;C:\code\Java\scripts;C:\Program Files (x86)\nodejs\;C:\Program Files\Microsoft SQL Server\Client SDK\ODBC\170\Tools\Binn\;C:\Program Files (x86)\Microsoft SQL Server\150\Tools\Binn\;C:\Program Files\Microsoft SQL Server\150\Tools\Binn\;C:\Program Files\Microsoft SQL Server\150\DTS\Binn\;C:\Program Files (x86)\Microsoft SQL Server\150\DTS\Binn\;C:\Program Files\Azure Data Studio\bin;C:\Users\jonathan.baudot\AppData\Local\Microsoft\WindowsApps;C:\Program Files\JetBrains\IntelliJ IDEA Community Edition 2019.3.3\bin;;C:\Program Files\Docker Toolbox;C:\Users\jonathan.baudot\AppData\Roaming\nvm;C:\Program Files\nodejs;C:\Users\jonathan.baudot\AppData\Local\Yarn\bin;;C:\Users\jonathan.baudot\AppData\Local\Programs\Microsoft VS Code\bin;C:\Users\jonathan.baudot\AppData\Roaming\npm;C:\Program Files\Azure Data Studio\bin;."/>
    <property name="java.vm.info" value="mixed mode"/>
    <property name="java.vendor" value="Oracle Corporation"/>
    <property name="java.vm.version" value="25.242-b08"/>
    <property name="java.ext.dirs" value="C:\Program Files\Java\openjdk-1.8.0.242-3\jre\lib\ext;C:\WINDOWS\Sun\Java\lib\ext"/>
    <property name="sun.io.unicode.encoding" value="UnicodeLittle"/>
    <property name="java.class.version" value="52.0"/>
  </properties>
  <testcase name="shouldAnswerWithTrue" classname="com.bonita.AppTest" time="0.001"/>
</testsuite>